#
# There is insufficient memory for the Java Runtime Environment to continue.
# Native memory allocation (mmap) failed to map 266338304 bytes for Failed to commit area from 0x00000006c3800000 to 0x00000006d3600000 of length 266338304.
# Possible reasons:
#   The system is out of physical RAM or swap space
#   The process is running with CompressedOops enabled, and the Java Heap may be blocking the growth of the native heap
# Possible solutions:
#   Reduce memory load on the system
#   Increase physical memory or swap space
#   Check if swap backing store is full
#   Decrease Java heap size (-Xmx/-Xms)
#   Decrease number of Java threads
#   Decrease Java thread stack sizes (-Xss)
#   Set larger code cache with -XX:ReservedCodeCacheSize=
# This output file may be truncated or incomplete.
#
#  Out of Memory Error (t:/workspace/open/src/hotspot/os/windows/os_windows.cpp:3221), pid=36556, tid=5956
#
# JRE version:  (10.0.2+13) (build )
# Java VM: Java HotSpot(TM) 64-Bit Server VM (10.0.2+13, mixed mode, aot, tiered, compressed oops, g1 gc, windows-amd64)
# No core dump will be written. Minidumps are not enabled by default on client versions of Windows
#

---------------  S U M M A R Y ------------

Command Line: 

Host: Intel(R) Core(TM) i5-10210U CPU @ 1.60GHz, 8 cores, 15G,  Windows 10 , 64 bit Build 19041 (10.0.19041.662)
Time: Thu Jan 14 13:01:55 2021 Jerusalem Standard Time elapsed time: 0 seconds (0d 0h 0m 0s)

---------------  T H R E A D  ---------------

Current thread (0x000001a7313cc000):  JavaThread "Unknown thread" [_thread_in_vm, id=5956, stack(0x0000009ae3d00000,0x0000009ae3e00000)]

Stack: [0x0000009ae3d00000,0x0000009ae3e00000]
Native frames: (J=compiled Java code, j=interpreted, Vv=VM code, C=native code)
V  [jvm.dll+0x5a01a9]
V  [jvm.dll+0x6bcf31]
V  [jvm.dll+0x6be126]
V  [jvm.dll+0x6be7b3]
V  [jvm.dll+0x234978]
V  [jvm.dll+0x59dac4]
V  [jvm.dll+0x592825]
V  [jvm.dll+0x2f632b]
V  [jvm.dll+0x2f6295]
V  [jvm.dll+0x2f6172]
V  [jvm.dll+0x2f8366]
V  [jvm.dll+0x344293]
V  [jvm.dll+0x3449a6]
V  [jvm.dll+0x344393]
V  [jvm.dll+0x2c4628]
V  [jvm.dll+0x2c5771]
V  [jvm.dll+0x69d1db]
V  [jvm.dll+0x69e9fc]
V  [jvm.dll+0x3519e9]
V  [jvm.dll+0x6856a2]
V  [jvm.dll+0x3ba0c3]
V  [jvm.dll+0x3bc261]
C  [java.exe+0x3531]
C  [java.exe+0xe1af]
C  [java.exe+0xe356]
C  [KERNEL32.DLL+0x17034]
C  [ntdll.dll+0x4d0d1]


---------------  P R O C E S S  ---------------

Threads class SMR info:
_java_thread_list=0x000001a72f9d53c0, length=0, elements={
}

Java Threads: ( => current thread )

Other Threads:
  0x000001a7313e4800 GCTaskThread "GC Thread#0" [stack: 0x0000009ae3e00000,0x0000009ae3f00000] [id=6656]
  0x000001a7313e6000 GCTaskThread "GC Thread#1" [stack: 0x0000009ae3f00000,0x0000009ae4000000] [id=20560]
  0x000001a7313e9000 GCTaskThread "GC Thread#2" [stack: 0x0000009ae4000000,0x0000009ae4100000] [id=27860]
  0x000001a7313eb800 GCTaskThread "GC Thread#3" [stack: 0x0000009ae4100000,0x0000009ae4200000] [id=33344]
  0x000001a7313f2800 GCTaskThread "GC Thread#4" [stack: 0x0000009ae4200000,0x0000009ae4300000] [id=16504]
  0x000001a7313f6000 GCTaskThread "GC Thread#5" [stack: 0x0000009ae4300000,0x0000009ae4400000] [id=18784]
  0x000001a7313f8000 GCTaskThread "GC Thread#6" [stack: 0x0000009ae4400000,0x0000009ae4500000] [id=13648]
  0x000001a7313fd800 GCTaskThread "GC Thread#7" [stack: 0x0000009ae4500000,0x0000009ae4600000] [id=35660]
  0x000001a7314bd000 ConcurrentGCThread "G1 Main Marker" [stack: 0x0000009ae4600000,0x0000009ae4700000] [id=35772]
  0x000001a755821000 ConcurrentGCThread "G1 Conc#0" [stack: 0x0000009ae4700000,0x0000009ae4800000] [id=7288]
  0x000001a755828000 ConcurrentGCThread "G1 Conc#1" [stack: 0x0000009ae4800000,0x0000009ae4900000] [id=35964]

[error occurred during error reporting (printing all threads), id 0xe0000002]

VM state:not at safepoint (not fully initialized)

VM Mutex/Monitor currently owned by a thread:  ([mutex/lock_event])
[0x000001a7313caaa0] Heap_lock - owner thread: 0x000001a7313cc000

Heap address: 0x00000006c3800000, size: 4040 MB, Compressed Oops mode: Non-zero based: 0x00000006c3800000
Narrow klass base: 0x0000000000000000, Narrow klass shift: 0

GC Heap History (0 events):
No events

Deoptimization events (0 events):
No events

Classes redefined (0 events):
No events

Internal exceptions (0 events):
No events

Events (0 events):
No events


Dynamic libraries:
0x00007ff7ff8e0000 - 0x00007ff7ff91e000 	C:\Program Files\Java\jdk-10.0.2\bin\java.exe
0x00007ff82ce90000 - 0x00007ff82d086000 	C:\WINDOWS\SYSTEM32\ntdll.dll
0x00007ff82cd90000 - 0x00007ff82ce4d000 	C:\WINDOWS\System32\KERNEL32.DLL
0x00007ff82a760000 - 0x00007ff82aa29000 	C:\WINDOWS\System32\KERNELBASE.dll
0x00007ff82be70000 - 0x00007ff82bf1c000 	C:\WINDOWS\System32\ADVAPI32.dll
0x00007ff82bb90000 - 0x00007ff82bc2e000 	C:\WINDOWS\System32\msvcrt.dll
0x00007ff82b810000 - 0x00007ff82b8ac000 	C:\WINDOWS\System32\sechost.dll
0x00007ff82cb60000 - 0x00007ff82cc8b000 	C:\WINDOWS\System32\RPCRT4.dll
0x00007ff82b670000 - 0x00007ff82b810000 	C:\WINDOWS\System32\USER32.dll
0x00007ff82a5d0000 - 0x00007ff82a5f2000 	C:\WINDOWS\System32\win32u.dll
0x00007ff82b640000 - 0x00007ff82b66a000 	C:\WINDOWS\System32\GDI32.dll
0x00007ff82a600000 - 0x00007ff82a709000 	C:\WINDOWS\System32\gdi32full.dll
0x00007ff82abc0000 - 0x00007ff82ac5d000 	C:\WINDOWS\System32\msvcp_win.dll
0x00007ff82adf0000 - 0x00007ff82aef0000 	C:\WINDOWS\System32\ucrtbase.dll
0x00007ff8082e0000 - 0x00007ff80857b000 	C:\WINDOWS\WinSxS\amd64_microsoft.windows.common-controls_6595b64144ccf1df_6.0.19041.488_none_ca04af081b815d21\COMCTL32.dll
0x00007ff820920000 - 0x00007ff82092a000 	C:\WINDOWS\SYSTEM32\VERSION.dll
0x00007ff82bc90000 - 0x00007ff82bcc0000 	C:\WINDOWS\System32\IMM32.DLL
0x00007fffc2920000 - 0x00007fffc2a0f000 	C:\Program Files\Java\jdk-10.0.2\bin\msvcr120.dll
0x00007fffc2870000 - 0x00007fffc2916000 	C:\Program Files\Java\jdk-10.0.2\bin\msvcp120.dll
0x00000000527e0000 - 0x0000000053250000 	C:\Program Files\Java\jdk-10.0.2\bin\server\jvm.dll
0x00007ff82c460000 - 0x00007ff82c468000 	C:\WINDOWS\System32\PSAPI.DLL
0x00007ff80edf0000 - 0x00007ff80edf9000 	C:\WINDOWS\SYSTEM32\WSOCK32.dll
0x00007fffff1a0000 - 0x00007fffff1c7000 	C:\WINDOWS\SYSTEM32\WINMM.dll
0x00007ff82bcc0000 - 0x00007ff82bd2b000 	C:\WINDOWS\System32\WS2_32.dll
0x00007ff822e10000 - 0x00007ff822e1f000 	C:\Program Files\Java\jdk-10.0.2\bin\verify.dll
0x00007ff824a80000 - 0x00007ff824c64000 	C:\WINDOWS\SYSTEM32\DBGHELP.DLL
0x00007ff810240000 - 0x00007ff81026c000 	C:\WINDOWS\SYSTEM32\dbgcore.DLL
0x00007ff82ac60000 - 0x00007ff82ace0000 	C:\WINDOWS\System32\bcryptPrimitives.dll
0x00007ff822c50000 - 0x00007ff822c77000 	C:\Program Files\Java\jdk-10.0.2\bin\java.dll
0x00007ff822db0000 - 0x00007ff822dc6000 	C:\Program Files\Java\jdk-10.0.2\bin\zip.dll
0x00007ff822de0000 - 0x00007ff822dea000 	C:\Program Files\Java\jdk-10.0.2\bin\jimage.dll

dbghelp: loaded successfully - version: 4.0.5 - missing functions: none
symbol engine: initialized successfully - sym options: 0x614 - pdb path: .;C:\Program Files\Java\jdk-10.0.2\bin;C:\WINDOWS\SYSTEM32;C:\WINDOWS\WinSxS\amd64_microsoft.windows.common-controls_6595b64144ccf1df_6.0.19041.488_none_ca04af081b815d21;C:\Program Files\Java\jdk-10.0.2\bin\server

VM Arguments:
java_command: <unknown>
java_class_path (initial): <not set>
Launcher Type: SUN_STANDARD

Logging:
Log output configuration:
#0: stdout all=warning uptime,level,tags
#1: stderr all=off uptime,level,tags

Environment Variables:
JAVA_HOME=C:\Progra~1\Java\jdk-10.0.2
PATH=C:\Program Files (x86)\Common Files\Oracle\Java\javapath;C:\WINDOWS\system32;C:\WINDOWS;C:\WINDOWS\System32\Wbem;C:\WINDOWS\System32\WindowsPowerShell\v1.0\;C:\WINDOWS\System32\OpenSSH\;C:\Users\moti\AppData\Local\Microsoft\WindowsApps;C:\Users\moti\AppData\Local\Programs\Git\cmd;C:\Users\moti\AppData\Local\Programs\Fiddler
USERNAME=moti
OS=Windows_NT
PROCESSOR_IDENTIFIER=Intel64 Family 6 Model 142 Stepping 12, GenuineIntel



---------------  S Y S T E M  ---------------

OS: Windows 10 , 64 bit Build 19041 (10.0.19041.662)

CPU:total 8 (initial active 8) (4 cores per cpu, 2 threads per core) family 6 model 142 stepping 12, cmov, cx8, fxsr, mmx, sse, sse2, sse3, ssse3, sse4.1, sse4.2, popcnt, avx, avx2, aes, clmul, erms, 3dnowpref, lzcnt, ht, tsc, tscinvbit, bmi1, bmi2, adx, fma

Memory: 4k page, physical 16545412k(229048k free), swap 66877060k(108432k free)

vm_info: Java HotSpot(TM) 64-Bit Server VM (10.0.2+13) for windows-amd64 JRE (10.0.2+13), built on Jun 28 2018 01:57:56 by "mach5one" with MS VC++ 12.0 (VS2013)

END.
